2017-12-18 16:12:06,008 [main] INFO  [com.us.drools.Application] - Starting Application on abel-MBP with PID 59041 (/Users/yangyibo/GitWork/drools/target/classes started by yangyibo in /Users/yangyibo/GitWork/drools)
2017-12-18 16:12:06,010 [main] INFO  [com.us.drools.Application] - No profiles are active
2017-12-18 16:12:06,307 [main] INFO  [org.springframework.boot.context.embedded.AnnotationConfigEmbeddedWebApplicationContext] - Refreshing org.springframework.boot.context.embedded.AnnotationConfigEmbeddedWebApplicationContext@6497b078: startup date [Mon Dec 18 16:12:06 CST 2017]; root of context hierarchy
2017-12-18 16:12:07,183 [pool-1-thread-1] INFO  [org.hibernate.validator.internal.util.Version] - HV000001: Hibernate Validator 5.2.2.Final
2017-12-18 16:12:09,856 [main] INFO  [org.springframework.beans.factory.support.DefaultListableBeanFactory] - Overriding bean definition for bean 'beanNameViewResolver' with a different definition: replacing [Root bean: class [null]; scope=; abstract=false; lazyInit=false; autowireMode=3; dependencyCheck=0; autowireCandidate=true; primary=false; factoryBeanName=org.springframework.boot.autoconfigure.web.ErrorMvcAutoConfiguration$WhitelabelErrorViewConfiguration; factoryMethodName=beanNameViewResolver; initMethodName=null; destroyMethodName=(inferred); defined in class path resource [org/springframework/boot/autoconfigure/web/ErrorMvcAutoConfiguration$WhitelabelErrorViewConfiguration.class]] with [Root bean: class [null]; scope=; abstract=false; lazyInit=false; autowireMode=3; dependencyCheck=0; autowireCandidate=true; primary=false; factoryBeanName=org.springframework.boot.autoconfigure.web.WebMvcAutoConfiguration$WebMvcAutoConfigurationAdapter; factoryMethodName=beanNameViewResolver; initMethodName=null; destroyMethodName=(inferred); defined in class path resource [org/springframework/boot/autoconfigure/web/WebMvcAutoConfiguration$WebMvcAutoConfigurationAdapter.class]]
2017-12-18 16:12:11,621 [main] INFO  [org.springframework.context.support.PostProcessorRegistrationDelegate$BeanPostProcessorChecker] - Bean 'DBConfig' of type [class com.us.drools.config.DBConfig$$EnhancerBySpringCGLIB$$ed9817ae] is not eligible for getting processed by all BeanPostProcessors (for example: not eligible for auto-proxying)
2017-12-18 16:12:11,683 [MLog-Init-Reporter] INFO  [com.mchange.v2.log.MLog] - MLog clients using slf4j logging.
2017-12-18 16:12:12,001 [main] INFO  [com.mchange.v2.c3p0.C3P0Registry] - Initializing c3p0-0.9.5.2 [built 08-December-2015 22:06:04 -0800; debug? true; trace: 10]
2017-12-18 16:12:12,243 [main] INFO  [org.springframework.context.support.PostProcessorRegistrationDelegate$BeanPostProcessorChecker] - Bean 'dataSource' of type [class com.mchange.v2.c3p0.ComboPooledDataSource] is not eligible for getting processed by all BeanPostProcessors (for example: not eligible for auto-proxying)
2017-12-18 16:12:12,246 [main] INFO  [org.springframework.context.support.PostProcessorRegistrationDelegate$BeanPostProcessorChecker] - Bean 'myBatisConfig' of type [class com.us.drools.config.MyBatisConfig$$EnhancerBySpringCGLIB$$929b1717] is not eligible for getting processed by all BeanPostProcessors (for example: not eligible for auto-proxying)
2017-12-18 16:12:12,598 [main] INFO  [org.springframework.context.support.PostProcessorRegistrationDelegate$BeanPostProcessorChecker] - Bean 'sqlSessionFactory' of type [class org.mybatis.spring.SqlSessionFactoryBean] is not eligible for getting processed by all BeanPostProcessors (for example: not eligible for auto-proxying)
2017-12-18 16:12:12,599 [main] INFO  [org.springframework.context.support.PostProcessorRegistrationDelegate$BeanPostProcessorChecker] - Bean 'sqlSessionFactory' of type [class org.apache.ibatis.session.defaults.DefaultSqlSessionFactory] is not eligible for getting processed by all BeanPostProcessors (for example: not eligible for auto-proxying)
2017-12-18 16:12:12,607 [main] INFO  [org.springframework.context.support.PostProcessorRegistrationDelegate$BeanPostProcessorChecker] - Bean 'rulesDao' of type [class org.mybatis.spring.mapper.MapperFactoryBean] is not eligible for getting processed by all BeanPostProcessors (for example: not eligible for auto-proxying)
2017-12-18 16:12:12,780 [main] INFO  [org.springframework.context.support.PostProcessorRegistrationDelegate$BeanPostProcessorChecker] - Bean 'transactionConfig' of type [class com.us.drools.config.TransactionConfig$$EnhancerBySpringCGLIB$$920c1402] is not eligible for getting processed by all BeanPostProcessors (for example: not eligible for auto-proxying)
2017-12-18 16:12:12,893 [main] INFO  [org.springframework.context.support.PostProcessorRegistrationDelegate$BeanPostProcessorChecker] - Bean 'transactionManager' of type [class org.springframework.jdbc.datasource.DataSourceTransactionManager] is not eligible for getting processed by all BeanPostProcessors (for example: not eligible for auto-proxying)
2017-12-18 16:12:12,895 [main] INFO  [org.springframework.context.support.PostProcessorRegistrationDelegate$BeanPostProcessorChecker] - Bean 'org.springframework.transaction.annotation.ProxyTransactionManagementConfiguration' of type [class org.springframework.transaction.annotation.ProxyTransactionManagementConfiguration$$EnhancerBySpringCGLIB$$1c625c33] is not eligible for getting processed by all BeanPostProcessors (for example: not eligible for auto-proxying)
2017-12-18 16:12:13,583 [main] INFO  [org.springframework.boot.context.embedded.tomcat.TomcatEmbeddedServletContainer] - Tomcat initialized with port(s): 8099 (http)
2017-12-18 16:12:13,625 [main] INFO  [org.apache.catalina.core.StandardService] - Starting service Tomcat
2017-12-18 16:12:13,635 [main] INFO  [org.apache.catalina.core.StandardEngine] - Starting Servlet Engine: Apache Tomcat/8.0.28
2017-12-18 16:12:14,370 [localhost-startStop-1] INFO  [org.apache.jasper.servlet.TldScanner] - At least one JAR was scanned for TLDs yet contained no TLDs. Enable debug logging for this logger for a complete list of JARs that were scanned but no TLDs were found in them. Skipping unneeded JARs during scanning can improve startup time and JSP compilation time.
2017-12-18 16:12:14,377 [localhost-startStop-1] INFO  [org.apache.catalina.core.ContainerBase.[Tomcat].[localhost].[/]] - Initializing Spring embedded WebApplicationContext
2017-12-18 16:12:14,377 [localhost-startStop-1] INFO  [org.springframework.web.context.ContextLoader] - Root WebApplicationContext: initialization completed in 8095 ms
2017-12-18 16:12:14,843 [localhost-startStop-1] INFO  [org.springframework.boot.context.embedded.ServletRegistrationBean] - Mapping servlet: 'dispatcherServlet' to [/]
2017-12-18 16:12:14,852 [localhost-startStop-1] INFO  [org.springframework.boot.context.embedded.FilterRegistrationBean] - Mapping filter: 'characterEncodingFilter' to: [/*]
2017-12-18 16:12:14,853 [localhost-startStop-1] INFO  [org.springframework.boot.context.embedded.FilterRegistrationBean] - Mapping filter: 'hiddenHttpMethodFilter' to: [/*]
2017-12-18 16:12:14,853 [localhost-startStop-1] INFO  [org.springframework.boot.context.embedded.FilterRegistrationBean] - Mapping filter: 'httpPutFormContentFilter' to: [/*]
2017-12-18 16:12:14,853 [localhost-startStop-1] INFO  [org.springframework.boot.context.embedded.FilterRegistrationBean] - Mapping filter: 'requestContextFilter' to: [/*]
2017-12-18 16:12:15,344 [main] INFO  [org.springframework.web.servlet.mvc.method.annotation.RequestMappingHandlerAdapter] - Looking for @ControllerAdvice: org.springframework.boot.context.embedded.AnnotationConfigEmbeddedWebApplicationContext@6497b078: startup date [Mon Dec 18 16:12:06 CST 2017]; root of context hierarchy
2017-12-18 16:12:15,457 [main] INFO  [org.springframework.web.servlet.mvc.method.annotation.RequestMappingHandlerMapping] - Mapped "{[/rules/write/{id}],methods=[GET],produces=[application/json;charset=UTF-8]}" onto public org.springframework.http.ResponseEntity<java.lang.Object> com.us.drools.controller.RulesController.getRuleByWrite(java.lang.Integer)
2017-12-18 16:12:15,461 [main] INFO  [org.springframework.web.servlet.mvc.method.annotation.RequestMappingHandlerMapping] - Mapped "{[/error]}" onto public org.springframework.http.ResponseEntity<java.util.Map<java.lang.String, java.lang.Object>> org.springframework.boot.autoconfigure.web.BasicErrorController.error(javax.servlet.http.HttpServletRequest)
2017-12-18 16:12:15,461 [main] INFO  [org.springframework.web.servlet.mvc.method.annotation.RequestMappingHandlerMapping] - Mapped "{[/error],produces=[text/html]}" onto public org.springframework.web.servlet.ModelAndView org.springframework.boot.autoconfigure.web.BasicErrorController.errorHtml(javax.servlet.http.HttpServletRequest)
2017-12-18 16:12:15,516 [main] INFO  [org.springframework.web.servlet.handler.SimpleUrlHandlerMapping] - Mapped URL path [/webjars/**] onto handler of type [class org.springframework.web.servlet.resource.ResourceHttpRequestHandler]
2017-12-18 16:12:15,516 [main] INFO  [org.springframework.web.servlet.handler.SimpleUrlHandlerMapping] - Mapped URL path [/**] onto handler of type [class org.springframework.web.servlet.resource.ResourceHttpRequestHandler]
2017-12-18 16:12:15,580 [main] INFO  [org.springframework.web.servlet.handler.SimpleUrlHandlerMapping] - Mapped URL path [/**/favicon.ico] onto handler of type [class org.springframework.web.servlet.resource.ResourceHttpRequestHandler]
2017-12-18 16:12:16,208 [main] INFO  [org.springframework.jmx.export.annotation.AnnotationMBeanExporter] - Registering beans for JMX exposure on startup
2017-12-18 16:12:16,293 [main] INFO  [org.apache.coyote.http11.Http11NioProtocol] - Initializing ProtocolHandler ["http-nio-8099"]
2017-12-18 16:12:16,307 [main] INFO  [org.apache.coyote.http11.Http11NioProtocol] - Starting ProtocolHandler ["http-nio-8099"]
2017-12-18 16:12:16,337 [main] INFO  [org.apache.tomcat.util.net.NioSelectorPool] - Using a shared selector for servlet write/read
2017-12-18 16:12:16,391 [main] INFO  [org.springframework.boot.context.embedded.tomcat.TomcatEmbeddedServletContainer] - Tomcat started on port(s): 8099 (http)
2017-12-18 16:12:16,399 [main] INFO  [com.us.drools.Application] - Started Application in 11.875 seconds (JVM running for 13.787)
2017-12-18 16:14:42,709 [http-nio-8099-exec-1] INFO  [org.apache.catalina.core.ContainerBase.[Tomcat].[localhost].[/]] - Initializing Spring FrameworkServlet 'dispatcherServlet'
2017-12-18 16:14:42,709 [http-nio-8099-exec-1] INFO  [org.springframework.web.servlet.DispatcherServlet] - FrameworkServlet 'dispatcherServlet': initialization started
2017-12-18 16:14:42,740 [http-nio-8099-exec-1] INFO  [org.springframework.web.servlet.DispatcherServlet] - FrameworkServlet 'dispatcherServlet': initialization completed in 31 ms
2017-12-18 16:15:48,473 [Thread-2] INFO  [org.springframework.boot.context.embedded.AnnotationConfigEmbeddedWebApplicationContext] - Closing org.springframework.boot.context.embedded.AnnotationConfigEmbeddedWebApplicationContext@6497b078: startup date [Mon Dec 18 16:12:06 CST 2017]; root of context hierarchy
2017-12-18 16:15:48,478 [Thread-2] INFO  [org.springframework.jmx.export.annotation.AnnotationMBeanExporter] - Unregistering JMX-exposed beans on shutdown
2017-12-18 16:15:54,673 [main] INFO  [com.us.drools.Application] - Starting Application on abel-MBP with PID 59125 (/Users/yangyibo/GitWork/drools/target/classes started by yangyibo in /Users/yangyibo/GitWork/drools)
2017-12-18 16:15:54,674 [main] INFO  [com.us.drools.Application] - No profiles are active
2017-12-18 16:15:54,964 [main] INFO  [org.springframework.boot.context.embedded.AnnotationConfigEmbeddedWebApplicationContext] - Refreshing org.springframework.boot.context.embedded.AnnotationConfigEmbeddedWebApplicationContext@44a7bfbc: startup date [Mon Dec 18 16:15:54 CST 2017]; root of context hierarchy
2017-12-18 16:15:55,157 [pool-1-thread-1] INFO  [org.hibernate.validator.internal.util.Version] - HV000001: Hibernate Validator 5.2.2.Final
2017-12-18 16:15:56,787 [main] INFO  [org.springframework.beans.factory.support.DefaultListableBeanFactory] - Overriding bean definition for bean 'beanNameViewResolver' with a different definition: replacing [Root bean: class [null]; scope=; abstract=false; lazyInit=false; autowireMode=3; dependencyCheck=0; autowireCandidate=true; primary=false; factoryBeanName=org.springframework.boot.autoconfigure.web.ErrorMvcAutoConfiguration$WhitelabelErrorViewConfiguration; factoryMethodName=beanNameViewResolver; initMethodName=null; destroyMethodName=(inferred); defined in class path resource [org/springframework/boot/autoconfigure/web/ErrorMvcAutoConfiguration$WhitelabelErrorViewConfiguration.class]] with [Root bean: class [null]; scope=; abstract=false; lazyInit=false; autowireMode=3; dependencyCheck=0; autowireCandidate=true; primary=false; factoryBeanName=org.springframework.boot.autoconfigure.web.WebMvcAutoConfiguration$WebMvcAutoConfigurationAdapter; factoryMethodName=beanNameViewResolver; initMethodName=null; destroyMethodName=(inferred); defined in class path resource [org/springframework/boot/autoconfigure/web/WebMvcAutoConfiguration$WebMvcAutoConfigurationAdapter.class]]
2017-12-18 16:15:57,282 [main] INFO  [org.springframework.context.support.PostProcessorRegistrationDelegate$BeanPostProcessorChecker] - Bean 'DBConfig' of type [class com.us.drools.config.DBConfig$$EnhancerBySpringCGLIB$$c0388dd] is not eligible for getting processed by all BeanPostProcessors (for example: not eligible for auto-proxying)
2017-12-18 16:15:57,317 [MLog-Init-Reporter] INFO  [com.mchange.v2.log.MLog] - MLog clients using slf4j logging.
2017-12-18 16:15:57,456 [main] INFO  [com.mchange.v2.c3p0.C3P0Registry] - Initializing c3p0-0.9.5.2 [built 08-December-2015 22:06:04 -0800; debug? true; trace: 10]
2017-12-18 16:15:57,635 [main] INFO  [org.springframework.context.support.PostProcessorRegistrationDelegate$BeanPostProcessorChecker] - Bean 'dataSource' of type [class com.mchange.v2.c3p0.ComboPooledDataSource] is not eligible for getting processed by all BeanPostProcessors (for example: not eligible for auto-proxying)
2017-12-18 16:15:57,636 [main] INFO  [org.springframework.context.support.PostProcessorRegistrationDelegate$BeanPostProcessorChecker] - Bean 'myBatisConfig' of type [class com.us.drools.config.MyBatisConfig$$EnhancerBySpringCGLIB$$b1068846] is not eligible for getting processed by all BeanPostProcessors (for example: not eligible for auto-proxying)
2017-12-18 16:15:57,856 [main] INFO  [org.springframework.context.support.PostProcessorRegistrationDelegate$BeanPostProcessorChecker] - Bean 'sqlSessionFactory' of type [class org.mybatis.spring.SqlSessionFactoryBean] is not eligible for getting processed by all BeanPostProcessors (for example: not eligible for auto-proxying)
2017-12-18 16:15:57,858 [main] INFO  [org.springframework.context.support.PostProcessorRegistrationDelegate$BeanPostProcessorChecker] - Bean 'sqlSessionFactory' of type [class org.apache.ibatis.session.defaults.DefaultSqlSessionFactory] is not eligible for getting processed by all BeanPostProcessors (for example: not eligible for auto-proxying)
2017-12-18 16:15:57,886 [main] INFO  [org.springframework.context.support.PostProcessorRegistrationDelegate$BeanPostProcessorChecker] - Bean 'rulesDao' of type [class org.mybatis.spring.mapper.MapperFactoryBean] is not eligible for getting processed by all BeanPostProcessors (for example: not eligible for auto-proxying)
2017-12-18 16:15:57,939 [main] INFO  [org.springframework.context.support.PostProcessorRegistrationDelegate$BeanPostProcessorChecker] - Bean 'transactionConfig' of type [class com.us.drools.config.TransactionConfig$$EnhancerBySpringCGLIB$$b0778531] is not eligible for getting processed by all BeanPostProcessors (for example: not eligible for auto-proxying)
2017-12-18 16:15:57,965 [main] INFO  [org.springframework.context.support.PostProcessorRegistrationDelegate$BeanPostProcessorChecker] - Bean 'transactionManager' of type [class org.springframework.jdbc.datasource.DataSourceTransactionManager] is not eligible for getting processed by all BeanPostProcessors (for example: not eligible for auto-proxying)
2017-12-18 16:15:57,967 [main] INFO  [org.springframework.context.support.PostProcessorRegistrationDelegate$BeanPostProcessorChecker] - Bean 'org.springframework.transaction.annotation.ProxyTransactionManagementConfiguration' of type [class org.springframework.transaction.annotation.ProxyTransactionManagementConfiguration$$EnhancerBySpringCGLIB$$3acdcd62] is not eligible for getting processed by all BeanPostProcessors (for example: not eligible for auto-proxying)
2017-12-18 16:15:58,427 [main] INFO  [org.springframework.boot.context.embedded.tomcat.TomcatEmbeddedServletContainer] - Tomcat initialized with port(s): 8099 (http)
2017-12-18 16:15:58,445 [main] INFO  [org.apache.catalina.core.StandardService] - Starting service Tomcat
2017-12-18 16:15:58,447 [main] INFO  [org.apache.catalina.core.StandardEngine] - Starting Servlet Engine: Apache Tomcat/8.0.28
2017-12-18 16:15:59,004 [localhost-startStop-1] INFO  [org.apache.jasper.servlet.TldScanner] - At least one JAR was scanned for TLDs yet contained no TLDs. Enable debug logging for this logger for a complete list of JARs that were scanned but no TLDs were found in them. Skipping unneeded JARs during scanning can improve startup time and JSP compilation time.
2017-12-18 16:15:59,009 [localhost-startStop-1] INFO  [org.apache.catalina.core.ContainerBase.[Tomcat].[localhost].[/]] - Initializing Spring embedded WebApplicationContext
2017-12-18 16:15:59,009 [localhost-startStop-1] INFO  [org.springframework.web.context.ContextLoader] - Root WebApplicationContext: initialization completed in 4050 ms
2017-12-18 16:15:59,439 [localhost-startStop-1] INFO  [org.springframework.boot.context.embedded.ServletRegistrationBean] - Mapping servlet: 'dispatcherServlet' to [/]
2017-12-18 16:15:59,446 [localhost-startStop-1] INFO  [org.springframework.boot.context.embedded.FilterRegistrationBean] - Mapping filter: 'characterEncodingFilter' to: [/*]
2017-12-18 16:15:59,447 [localhost-startStop-1] INFO  [org.springframework.boot.context.embedded.FilterRegistrationBean] - Mapping filter: 'hiddenHttpMethodFilter' to: [/*]
2017-12-18 16:15:59,447 [localhost-startStop-1] INFO  [org.springframework.boot.context.embedded.FilterRegistrationBean] - Mapping filter: 'httpPutFormContentFilter' to: [/*]
2017-12-18 16:15:59,447 [localhost-startStop-1] INFO  [org.springframework.boot.context.embedded.FilterRegistrationBean] - Mapping filter: 'requestContextFilter' to: [/*]
2017-12-18 16:15:59,856 [main] INFO  [org.springframework.web.servlet.mvc.method.annotation.RequestMappingHandlerAdapter] - Looking for @ControllerAdvice: org.springframework.boot.context.embedded.AnnotationConfigEmbeddedWebApplicationContext@44a7bfbc: startup date [Mon Dec 18 16:15:54 CST 2017]; root of context hierarchy
2017-12-18 16:15:59,961 [main] INFO  [org.springframework.web.servlet.mvc.method.annotation.RequestMappingHandlerMapping] - Mapped "{[/rules/write/{id}],methods=[GET],produces=[application/json;charset=UTF-8]}" onto public org.springframework.http.ResponseEntity<java.lang.Object> com.us.drools.controller.RulesController.getRuleByWrite(java.lang.Integer)
2017-12-18 16:15:59,965 [main] INFO  [org.springframework.web.servlet.mvc.method.annotation.RequestMappingHandlerMapping] - Mapped "{[/error]}" onto public org.springframework.http.ResponseEntity<java.util.Map<java.lang.String, java.lang.Object>> org.springframework.boot.autoconfigure.web.BasicErrorController.error(javax.servlet.http.HttpServletRequest)
2017-12-18 16:15:59,965 [main] INFO  [org.springframework.web.servlet.mvc.method.annotation.RequestMappingHandlerMapping] - Mapped "{[/error],produces=[text/html]}" onto public org.springframework.web.servlet.ModelAndView org.springframework.boot.autoconfigure.web.BasicErrorController.errorHtml(javax.servlet.http.HttpServletRequest)
2017-12-18 16:16:00,002 [main] INFO  [org.springframework.web.servlet.handler.SimpleUrlHandlerMapping] - Mapped URL path [/webjars/**] onto handler of type [class org.springframework.web.servlet.resource.ResourceHttpRequestHandler]
2017-12-18 16:16:00,002 [main] INFO  [org.springframework.web.servlet.handler.SimpleUrlHandlerMapping] - Mapped URL path [/**] onto handler of type [class org.springframework.web.servlet.resource.ResourceHttpRequestHandler]
2017-12-18 16:16:00,050 [main] INFO  [org.springframework.web.servlet.handler.SimpleUrlHandlerMapping] - Mapped URL path [/**/favicon.ico] onto handler of type [class org.springframework.web.servlet.resource.ResourceHttpRequestHandler]
2017-12-18 16:16:00,430 [main] INFO  [org.springframework.jmx.export.annotation.AnnotationMBeanExporter] - Registering beans for JMX exposure on startup
2017-12-18 16:16:00,481 [main] INFO  [org.apache.coyote.http11.Http11NioProtocol] - Initializing ProtocolHandler ["http-nio-8099"]
2017-12-18 16:16:00,493 [main] INFO  [org.apache.coyote.http11.Http11NioProtocol] - Starting ProtocolHandler ["http-nio-8099"]
2017-12-18 16:16:00,514 [main] INFO  [org.apache.tomcat.util.net.NioSelectorPool] - Using a shared selector for servlet write/read
2017-12-18 16:16:00,551 [main] INFO  [org.springframework.boot.context.embedded.tomcat.TomcatEmbeddedServletContainer] - Tomcat started on port(s): 8099 (http)
2017-12-18 16:16:00,557 [main] INFO  [com.us.drools.Application] - Started Application in 6.731 seconds (JVM running for 8.126)
2017-12-18 16:18:51,947 [http-nio-8099-exec-1] INFO  [org.apache.catalina.core.ContainerBase.[Tomcat].[localhost].[/]] - Initializing Spring FrameworkServlet 'dispatcherServlet'
2017-12-18 16:18:51,947 [http-nio-8099-exec-1] INFO  [org.springframework.web.servlet.DispatcherServlet] - FrameworkServlet 'dispatcherServlet': initialization started
2017-12-18 16:18:51,970 [http-nio-8099-exec-1] INFO  [org.springframework.web.servlet.DispatcherServlet] - FrameworkServlet 'dispatcherServlet': initialization completed in 22 ms
2017-12-18 16:19:51,748 [http-nio-8099-exec-5] INFO  [com.mchange.v2.c3p0.impl.AbstractPoolBackedDataSource] - Initializing c3p0 pool... com.mchange.v2.c3p0.ComboPooledDataSource [ acquireIncrement -> 5, acquireRetryAttempts -> 30, acquireRetryDelay -> 1000, autoCommitOnClose -> false, automaticTestTable -> null, breakAfterAcquireFailure -> false, checkoutTimeout -> 0, connectionCustomizerClassName -> null, connectionTesterClassName -> com.mchange.v2.c3p0.impl.DefaultConnectionTester, contextClassLoaderSource -> caller, dataSourceName -> 1hgekrr9st1r8c71xvu42f|67ec8477, debugUnreturnedConnectionStackTraces -> false, description -> null, driverClass -> com.mysql.jdbc.Driver, extensions -> {}, factoryClassLocation -> null, forceIgnoreUnresolvedTransactions -> false, forceSynchronousCheckins -> false, forceUseNamedDriverClass -> false, identityToken -> 1hgekrr9st1r8c71xvu42f|67ec8477, idleConnectionTestPeriod -> 60, initialPoolSize -> 10, jdbcUrl -> jdbc:mysql://localhost:3306/rules?prepStmtCacheSize=517&cachePrepStmts=true&autoReconnect=true&characterEncoding=utf-8&allowMultiQueries=true, maxAdministrativeTaskTime -> 0, maxConnectionAge -> 0, maxIdleTime -> 300, maxIdleTimeExcessConnections -> 0, maxPoolSize -> 20, maxStatements -> 0, maxStatementsPerConnection -> 0, minPoolSize -> 5, numHelperThreads -> 3, preferredTestQuery -> null, privilegeSpawnedThreads -> false, properties -> {user=******, password=******}, propertyCycle -> 0, statementCacheNumDeferredCloseThreads -> 0, testConnectionOnCheckin -> false, testConnectionOnCheckout -> false, unreturnedConnectionTimeout -> 0, userOverrides -> {}, usesTraditionalReflectiveProxies -> false ]
2017-12-18 16:19:54,194 [http-nio-8099-exec-5] INFO  [org.drools.compiler.kie.builder.impl.KieRepositoryImpl] - KieModule was added: MemoryKieModule[releaseId=org.default:artifact:1.0.0-SNAPSHOT]
2017-12-18 16:20:12,040 [http-nio-8099-exec-8] INFO  [org.drools.compiler.kie.builder.impl.KieRepositoryImpl] - KieModule was added: MemoryKieModule[releaseId=org.default:artifact:1.0.0-SNAPSHOT]
2017-12-18 16:23:13,019 [http-nio-8099-exec-10] INFO  [org.drools.compiler.kie.builder.impl.KieRepositoryImpl] - KieModule was added: MemoryKieModule[releaseId=org.default:artifact:1.0.0-SNAPSHOT]
2017-12-18 16:23:38,795 [http-nio-8099-exec-3] INFO  [org.drools.compiler.kie.builder.impl.KieRepositoryImpl] - KieModule was added: MemoryKieModule[releaseId=org.default:artifact:1.0.0-SNAPSHOT]
2017-12-18 21:26:58,565 [Thread-2] INFO  [org.springframework.boot.context.embedded.AnnotationConfigEmbeddedWebApplicationContext] - Closing org.springframework.boot.context.embedded.AnnotationConfigEmbeddedWebApplicationContext@44a7bfbc: startup date [Mon Dec 18 16:15:54 CST 2017]; root of context hierarchy
2017-12-18 21:26:58,765 [Thread-2] INFO  [org.springframework.jmx.export.annotation.AnnotationMBeanExporter] - Unregistering JMX-exposed beans on shutdown
